2023-07-20 18:10:21,269 [main] INFO 11march_automation_maven - Open Browser
2023-07-20 18:10:21,309 [main] INFO 11march_automation_maven - maximize the browser
2023-07-20 18:10:31,444 [main] INFO 11march_automation_maven - Open application
2023-07-20 18:10:36,769 [main] INFO 11march_automation_maven - enter the username
2023-07-20 18:10:39,697 [main] INFO 11march_automation_maven - enter the password
2023-07-20 18:10:48,719 [main] INFO 11march_automation_maven - click on the log in button
2023-07-20 18:10:50,019 [main] INFO 11march_automation_maven - log in test case pass
2023-07-21 10:21:16,324 [main] INFO maven_framework - Open Browser
2023-07-21 10:21:16,693 [main] INFO maven_framework - Maximize the browser
2023-07-21 10:21:22,575 [main] INFO maven_framework - open application
2023-07-21 10:21:24,860 [main] INFO maven_framework - Enter the username
2023-07-21 10:21:25,707 [main] INFO maven_framework - Enter the password
2023-07-21 10:21:26,470 [main] INFO maven_framework - click on the button
2023-07-21 10:21:26,562 [main] INFO maven_framework - Facebook – log in or sign up
2023-07-21 14:21:01,582 [main] INFO maven_framework - Open Browser
2023-07-21 14:21:01,633 [main] INFO maven_framework - maximize the browser
2023-07-21 14:21:11,951 [main] INFO maven_framework - Open application
2023-07-21 14:21:18,228 [main] INFO maven_framework - enter the username
2023-07-21 14:21:19,127 [main] INFO maven_framework - enter the password
2023-07-21 14:21:26,027 [main] INFO maven_framework - click on the log in button
2023-07-21 14:24:29,985 [main] INFO maven_framework - Open Browser
2023-07-21 14:24:30,028 [main] INFO maven_framework - maximize the browser
2023-07-21 14:24:36,566 [main] INFO maven_framework - Open application
2023-07-21 14:24:41,579 [main] INFO maven_framework - enter the username
2023-07-21 14:24:42,345 [main] INFO maven_framework - enter the password
2023-07-21 14:24:45,549 [main] INFO maven_framework - click on the log in button
2023-07-21 19:53:50,244 [main] INFO maven_framework - Open Browser
2023-07-21 19:53:50,266 [main] INFO maven_framework - maximize the browser
2023-07-21 19:53:54,095 [main] INFO maven_framework - Open application
2023-07-21 19:53:58,601 [main] INFO maven_framework - enter the username
2023-07-21 19:53:59,335 [main] INFO maven_framework - enter the password
2023-07-21 19:54:01,490 [main] INFO maven_framework - click on the log in button
2023-07-21 19:57:21,690 [main] INFO maven_framework - Open Browser
2023-07-21 19:57:21,709 [main] INFO maven_framework - maximize the browser
2023-07-21 19:57:26,781 [main] INFO maven_framework - Open application
2023-07-21 19:57:31,072 [main] INFO maven_framework - enter the username
2023-07-21 19:57:31,526 [main] INFO maven_framework - enter the password
2023-07-21 19:57:34,720 [main] INFO maven_framework - click on the log in button
2023-07-22 11:07:47,268 [main] INFO maven_framework - Open Browser
2023-07-22 11:07:47,320 [main] INFO maven_framework - maximize the browser
2023-07-22 11:07:53,638 [main] INFO maven_framework - Open application
2023-07-22 11:07:59,270 [main] INFO maven_framework - enter the username
2023-07-22 11:08:00,430 [main] INFO maven_framework - enter the password
2023-07-22 11:08:04,979 [main] INFO maven_framework - click on the log in button
2023-07-22 11:16:35,521 [main] INFO maven_framework - Open Browser
2023-07-22 11:16:35,641 [main] INFO maven_framework - maximize the browser
2023-07-22 11:16:44,206 [main] INFO maven_framework - Open application
2023-07-22 11:16:50,672 [main] INFO maven_framework - enter the username
2023-07-22 11:16:52,319 [main] INFO maven_framework - enter the password
2023-07-22 11:16:58,845 [main] INFO maven_framework - click on the log in button
2023-07-22 11:23:56,914 [main] INFO maven_framework - Open Browser
2023-07-22 11:23:56,952 [main] INFO maven_framework - maximize the browser
2023-07-22 11:24:07,148 [main] INFO maven_framework - Open application
2023-07-22 11:24:13,055 [main] INFO maven_framework - enter the username
2023-07-22 11:24:16,940 [main] INFO maven_framework - enter the password
2023-07-22 11:24:23,931 [main] INFO maven_framework - click on the log in button
2023-07-22 11:46:38,745 [main] INFO maven_framework - Open Browser
2023-07-22 11:46:38,757 [main] INFO maven_framework - maximize the browser
2023-07-22 12:06:22,240 [main] INFO maven_framework - Open Browser
2023-07-22 12:06:22,277 [main] INFO maven_framework - maximize the browser
2023-07-22 12:06:31,111 [main] INFO maven_framework - Open application
2023-07-22 12:06:38,668 [main] INFO maven_framework - enter the username
2023-07-22 12:06:40,164 [main] INFO maven_framework - enter the password
2023-07-22 12:06:48,468 [main] INFO maven_framework - click on the log in button
2023-07-22 12:17:48,164 [main] INFO maven_framework - Open Browser
2023-07-22 12:17:48,184 [main] INFO maven_framework - maximize the browser
2023-07-22 12:17:56,419 [main] INFO maven_framework - Open application
2023-07-22 12:18:06,527 [main] INFO maven_framework - enter the username
2023-07-22 12:18:10,842 [main] INFO maven_framework - enter the password
2023-07-22 12:18:20,261 [main] INFO maven_framework - click on the log in button
2023-07-22 12:55:04,347 [main] INFO maven_framework - Open Browser
2023-07-22 12:55:04,398 [main] INFO maven_framework - maximize the browser
2023-07-22 12:55:07,682 [main] INFO maven_framework - Open application
2023-07-22 12:55:11,618 [main] INFO maven_framework - enter the username
2023-07-22 12:55:12,654 [main] INFO maven_framework - enter the password
2023-07-22 12:55:15,427 [main] INFO maven_framework - click on the log in button
2023-07-22 12:55:15,551 [main] INFO maven_framework - log in test case pass
2023-07-22 15:57:30,516 [main] INFO maven_framework - Open Browser
2023-07-22 15:57:30,530 [main] INFO maven_framework - maximize the browser
2023-07-22 15:57:33,693 [main] INFO maven_framework - Open application
2023-07-22 15:57:37,842 [main] INFO maven_framework - enter the username
2023-07-22 15:57:38,392 [main] INFO maven_framework - enter the password
2023-07-22 15:57:41,147 [main] INFO maven_framework - click on the log in button
2023-07-22 16:00:48,936 [main] INFO maven_framework - Open Browser
2023-07-22 16:00:49,034 [main] INFO maven_framework - maximize the browser
2023-07-22 16:00:51,223 [main] INFO maven_framework - Open application
2023-07-22 16:00:54,893 [main] INFO maven_framework - enter the username
2023-07-22 16:00:55,321 [main] INFO maven_framework - enter the password
2023-07-22 16:00:57,531 [main] INFO maven_framework - click on the log in button
2023-07-22 17:43:57,978 [main] INFO maven_framework - Open Browser
2023-07-22 17:43:58,001 [main] INFO maven_framework - maximize the browser
2023-07-22 17:46:56,453 [main] INFO maven_framework - Open Browser
2023-07-22 17:46:56,522 [main] INFO maven_framework - maximize the browser
2023-07-22 17:47:04,845 [main] INFO maven_framework - Open application
2023-07-22 17:47:09,087 [main] INFO maven_framework - enter the username
2023-07-22 17:47:10,022 [main] INFO maven_framework - enter the password
2023-07-22 17:47:14,265 [main] INFO maven_framework - click on the log in button
2023-07-22 17:50:09,658 [main] INFO maven_framework - Open Browser
2023-07-22 17:50:09,742 [main] INFO maven_framework - maximize the browser
2023-07-22 17:53:11,034 [main] INFO maven_framework - Open Browser
2023-07-22 17:53:11,054 [main] INFO maven_framework - maximize the browser
2023-07-22 17:53:21,920 [main] INFO maven_framework - Open application
2023-07-22 17:53:26,682 [main] INFO maven_framework - enter the username
2023-07-22 17:53:27,676 [main] INFO maven_framework - enter the password
2023-07-22 17:53:31,975 [main] INFO maven_framework - click on the log in button
2023-07-22 18:03:21,116 [main] INFO maven_framework - Open Browser
2023-07-22 18:03:21,132 [main] INFO maven_framework - maximize the browser
2023-07-22 18:03:25,866 [main] INFO maven_framework - Open application
2023-07-22 18:03:29,654 [main] INFO maven_framework - enter the username
2023-07-22 18:03:30,249 [main] INFO maven_framework - enter the password
2023-07-22 18:03:49,111 [main] INFO maven_framework - click on the log in button
2023-07-22 20:48:34,774 [main] INFO maven_framework - Open Browser
2023-07-22 20:48:34,793 [main] INFO maven_framework - maximize the browser
2023-07-22 20:48:42,707 [main] INFO maven_framework - Open application
2023-07-22 20:48:50,336 [main] INFO maven_framework - enter the username
2023-07-22 20:48:53,013 [main] INFO maven_framework - enter the password
2023-07-22 20:48:58,552 [main] INFO maven_framework - click on the log in button
2023-07-22 22:35:01,936 [main] INFO maven_framework - Open Browser
2023-07-22 22:35:01,953 [main] INFO maven_framework - maximize the browser
2023-07-22 22:35:06,305 [main] INFO maven_framework - Open application
2023-07-22 22:35:06,943 [main] INFO maven_framework - enter the username
2023-07-22 22:35:18,664 [main] INFO maven_framework - Open Browser
2023-07-22 22:35:18,668 [main] INFO maven_framework - maximize the browser
2023-07-22 22:35:22,509 [main] INFO maven_framework - Open application
2023-07-22 22:35:23,166 [main] INFO maven_framework - enter the username
2023-07-22 22:35:34,877 [main] INFO maven_framework - Open Browser
2023-07-22 22:35:34,879 [main] INFO maven_framework - maximize the browser
2023-07-22 22:35:37,744 [main] INFO maven_framework - Open application
2023-07-22 22:35:38,675 [main] INFO maven_framework - enter the username
2023-07-22 22:35:50,207 [main] INFO maven_framework - Open Browser
2023-07-22 22:35:50,208 [main] INFO maven_framework - maximize the browser
2023-07-22 22:35:52,771 [main] INFO maven_framework - Open application
2023-07-22 22:35:53,320 [main] INFO maven_framework - enter the username
2023-07-22 22:36:05,446 [main] INFO maven_framework - Open Browser
2023-07-22 22:36:05,448 [main] INFO maven_framework - maximize the browser
2023-07-22 22:36:08,817 [main] INFO maven_framework - Open application
2023-07-22 22:36:09,436 [main] INFO maven_framework - enter the username
2023-07-22 22:50:39,313 [main] INFO maven_framework - Open Browser
2023-07-22 22:50:39,375 [main] INFO maven_framework - maximize the browser
2023-07-22 22:50:42,562 [main] INFO maven_framework - Open application
2023-07-22 22:50:43,541 [main] INFO maven_framework - enter the username
2023-07-22 22:50:47,102 [main] INFO maven_framework - enter the password
2023-07-22 22:50:52,355 [main] INFO maven_framework - click on the log in button
2023-07-22 22:51:08,233 [main] INFO maven_framework - Open Browser
2023-07-22 22:51:08,238 [main] INFO maven_framework - maximize the browser
2023-07-22 22:51:10,722 [main] INFO maven_framework - Open application
2023-07-22 22:51:11,331 [main] INFO maven_framework - enter the username
2023-07-22 22:51:14,588 [main] INFO maven_framework - enter the password
2023-07-22 22:51:19,654 [main] INFO maven_framework - click on the log in button
2023-07-22 22:51:33,514 [main] INFO maven_framework - Open Browser
2023-07-22 22:51:33,515 [main] INFO maven_framework - maximize the browser
2023-07-22 22:51:36,033 [main] INFO maven_framework - Open application
2023-07-22 22:51:36,480 [main] INFO maven_framework - enter the username
2023-07-22 22:51:39,837 [main] INFO maven_framework - enter the password
2023-07-22 22:51:45,081 [main] INFO maven_framework - click on the log in button
2023-07-23 06:35:42,651 [main] INFO maven_framework - Open Browser
2023-07-23 06:35:42,663 [main] INFO maven_framework - maximize the browser
2023-07-23 06:35:45,687 [main] INFO maven_framework - Open application
2023-07-23 06:35:46,353 [main] INFO maven_framework - enter the username
2023-07-23 06:35:50,123 [main] INFO maven_framework - enter the password
2023-07-23 06:35:55,199 [main] INFO maven_framework - click on the log in button
2023-07-23 06:36:12,753 [main] INFO maven_framework - Open Browser
2023-07-23 06:36:12,757 [main] INFO maven_framework - maximize the browser
2023-07-23 06:36:15,424 [main] INFO maven_framework - Open application
2023-07-23 06:36:15,902 [main] INFO maven_framework - enter the username
2023-07-23 06:36:19,704 [main] INFO maven_framework - enter the password
2023-07-23 06:36:24,807 [main] INFO maven_framework - click on the log in button
2023-07-23 06:36:43,782 [main] INFO maven_framework - Open Browser
2023-07-23 06:36:43,784 [main] INFO maven_framework - maximize the browser
2023-07-23 06:36:46,072 [main] INFO maven_framework - Open application
2023-07-23 06:36:46,535 [main] INFO maven_framework - enter the username
2023-07-23 06:36:58,949 [main] INFO maven_framework - Open Browser
2023-07-23 06:36:58,951 [main] INFO maven_framework - maximize the browser
2023-07-23 06:43:12,289 [main] INFO maven_framework - Open Browser
2023-07-23 06:43:12,302 [main] INFO maven_framework - maximize the browser
2023-07-23 06:43:14,590 [main] INFO maven_framework - Open application
2023-07-23 06:43:15,076 [main] INFO maven_framework - enter the username
2023-07-23 06:43:18,312 [main] INFO maven_framework - enter the password
2023-07-23 06:43:23,130 [main] INFO maven_framework - click on the log in button
2023-07-23 06:43:36,088 [main] INFO maven_framework - Open Browser
2023-07-23 06:43:36,095 [main] INFO maven_framework - maximize the browser
2023-07-23 06:43:39,466 [main] INFO maven_framework - Open application
2023-07-23 06:43:39,893 [main] INFO maven_framework - enter the username
2023-07-23 06:43:43,225 [main] INFO maven_framework - enter the password
2023-07-23 06:43:54,616 [main] INFO maven_framework - Open Browser
2023-07-23 06:43:54,617 [main] INFO maven_framework - maximize the browser
2023-07-23 06:43:57,793 [main] INFO maven_framework - Open application
2023-07-23 06:43:58,297 [main] INFO maven_framework - enter the username
2023-07-23 06:44:01,626 [main] INFO maven_framework - enter the password
2023-07-23 06:44:07,179 [main] INFO maven_framework - click on the log in button
2023-07-23 06:44:21,935 [main] INFO maven_framework - Open Browser
2023-07-23 06:44:21,936 [main] INFO maven_framework - maximize the browser
2023-07-23 06:45:16,445 [main] INFO maven_framework - Open Browser
2023-07-23 06:45:16,472 [main] INFO maven_framework - maximize the browser
2023-07-23 06:45:19,333 [main] INFO maven_framework - Open application
2023-07-23 06:45:19,844 [main] INFO maven_framework - enter the username
2023-07-23 06:45:23,203 [main] INFO maven_framework - enter the password
2023-07-23 06:45:28,054 [main] INFO maven_framework - click on the log in button
2023-07-23 06:45:44,914 [main] INFO maven_framework - Open Browser
2023-07-23 06:45:44,925 [main] INFO maven_framework - maximize the browser
2023-07-23 06:45:47,234 [main] INFO maven_framework - Open application
2023-07-23 06:45:48,105 [main] INFO maven_framework - enter the username
2023-07-23 06:45:51,792 [main] INFO maven_framework - enter the password
2023-07-23 06:45:56,535 [main] INFO maven_framework - click on the log in button
2023-07-23 06:46:11,063 [main] INFO maven_framework - Open Browser
2023-07-23 06:46:11,065 [main] INFO maven_framework - maximize the browser
2023-07-23 06:46:15,541 [main] INFO maven_framework - Open application
2023-07-23 06:46:16,016 [main] INFO maven_framework - enter the username
2023-07-23 06:46:19,441 [main] INFO maven_framework - enter the password
2023-07-23 06:46:24,129 [main] INFO maven_framework - click on the log in button
2023-07-23 06:46:39,521 [main] INFO maven_framework - Open Browser
2023-07-23 06:46:39,551 [main] INFO maven_framework - maximize the browser
2023-07-23 06:46:41,911 [main] INFO maven_framework - Open application
2023-07-23 06:46:42,945 [main] INFO maven_framework - enter the username
2023-07-23 06:46:46,300 [main] INFO maven_framework - enter the password
2023-07-23 06:46:51,076 [main] INFO maven_framework - click on the log in button
2023-07-23 06:47:04,694 [main] INFO maven_framework - Open Browser
2023-07-23 06:47:04,695 [main] INFO maven_framework - maximize the browser
2023-07-23 12:14:18,457 [main] INFO maven_framework - Open Browser
2023-07-23 12:14:18,522 [main] INFO maven_framework - maximize the browser
2023-07-23 12:14:21,830 [main] INFO maven_framework - Open application
2023-07-23 12:14:22,043 [main] INFO maven_framework - open URL
2023-07-23 12:14:22,442 [main] INFO maven_framework - enter the username
2023-07-23 12:14:25,900 [main] INFO maven_framework - enter the password
2023-07-23 12:14:31,507 [main] INFO maven_framework - click on the log in button
2023-07-23 12:14:34,805 [main] INFO maven_framework - Mousehover on computer
2023-07-23 12:14:36,971 [main] INFO maven_framework - clicked on Notebook
2023-07-23 12:14:38,465 [main] INFO maven_framework - macBook selected
2023-07-23 12:14:38,791 [main] INFO maven_framework - add to cart
2023-07-23 12:14:39,853 [main] INFO maven_framework - verified message
2023-07-23 12:14:40,571 [main] INFO maven_framework - clicked on close tab
2023-07-23 12:17:55,458 [main] INFO maven_framework - Open Browser
2023-07-23 12:17:55,945 [main] INFO maven_framework - maximize the browser
2023-07-23 12:17:58,779 [main] INFO maven_framework - Open application
2023-07-23 12:17:59,017 [main] INFO maven_framework - open URL
2023-07-23 12:17:59,564 [main] INFO maven_framework - enter the username
2023-07-23 12:18:02,933 [main] INFO maven_framework - enter the password
2023-07-23 12:18:06,866 [main] INFO maven_framework - click on the log in button
2023-07-23 12:18:10,173 [main] INFO maven_framework - Mousehover on computer
2023-07-23 12:18:11,991 [main] INFO maven_framework - clicked on Notebook
2023-07-23 12:18:13,662 [main] INFO maven_framework - macBook selected
2023-07-23 12:18:14,121 [main] INFO maven_framework - add to cart
2023-07-23 12:18:14,907 [main] INFO maven_framework - verified message
2023-07-23 12:22:31,577 [main] INFO maven_framework - Open Browser
2023-07-23 12:22:32,116 [main] INFO maven_framework - maximize the browser
2023-07-23 12:22:35,340 [main] INFO maven_framework - Open application
2023-07-23 12:22:35,519 [main] INFO maven_framework - open URL
2023-07-23 12:22:35,901 [main] INFO maven_framework - enter the username
2023-07-23 12:22:39,209 [main] INFO maven_framework - enter the password
2023-07-23 12:22:44,673 [main] INFO maven_framework - click on the log in button
2023-07-23 12:22:48,026 [main] INFO maven_framework - Mousehover on computer
2023-07-23 12:22:49,871 [main] INFO maven_framework - clicked on Notebook
2023-07-23 12:22:51,708 [main] INFO maven_framework - macBook selected
2023-07-23 12:22:52,726 [main] INFO maven_framework - add to cart
2023-07-23 12:22:54,305 [main] INFO maven_framework - verified message
2023-07-25 13:54:35,374 [main] INFO maven_framework - Open Browser
2023-07-25 13:54:35,893 [main] INFO maven_framework - maximize the browser
2023-07-25 13:54:44,880 [main] INFO maven_framework - Open application
2023-07-25 13:54:49,749 [main] INFO maven_framework - enter the username
2023-07-25 13:54:50,994 [main] INFO maven_framework - enter the password
2023-07-25 13:54:51,994 [main] INFO maven_framework - click on the log in button
2023-07-25 14:10:41,105 [main] INFO maven_framework - Open Browser
2023-07-25 14:10:41,873 [main] INFO maven_framework - maximize the browser
2023-07-25 14:10:44,314 [main] INFO maven_framework - Open application
2023-07-25 14:10:48,383 [main] INFO maven_framework - enter the username
2023-07-25 14:10:48,854 [main] INFO maven_framework - enter the password
2023-07-25 14:10:49,674 [main] INFO maven_framework - click on the log in button
2023-07-25 17:38:35,591 [main] INFO maven_framework - Open Browser
2023-07-25 17:38:36,104 [main] INFO maven_framework - maximize the browser
2023-07-25 17:38:40,620 [main] INFO maven_framework - Open application
2023-07-25 17:38:44,763 [main] INFO maven_framework - enter the username
2023-07-25 17:38:45,501 [main] INFO maven_framework - enter the password
2023-07-25 17:38:49,021 [main] INFO maven_framework - click on the log in button
