2023-07-24 04:32:09,434 [main] INFO Maven_practice1 - Maven_practice1
2023-07-24 04:32:19,653 [main] INFO Maven_practice1 - open browser
2023-07-24 04:32:19,968 [main] INFO Maven_practice1 - maximize the browser
2023-07-24 04:35:00,079 [main] INFO Maven_practice1 - Maven_practice1
2023-07-24 04:35:12,385 [main] INFO Maven_practice1 - open browser
2023-07-24 04:35:12,782 [main] INFO Maven_practice1 - maximize the browser
2023-07-24 04:35:23,922 [main] INFO Maven_practice1 - open Apllication
2023-07-24 04:35:28,663 [main] INFO Maven_practice1 - Enter the Username
2023-07-24 04:35:32,087 [main] INFO Maven_practice1 - Enter the Password
2023-07-24 04:35:34,971 [main] INFO Maven_practice1 - click on the button
2023-07-24 04:35:35,279 [main] INFO Maven_practice1 - test case passed
2023-07-24 05:31:32,042 [main] INFO Maven_practice1 - Maven_practice1
2023-07-24 05:31:45,797 [main] INFO Maven_practice1 - open browser
2023-07-24 05:31:46,286 [main] INFO Maven_practice1 - maximize the browser
2023-07-24 05:35:52,095 [main] INFO Maven_practice1 - Maven_practice1
2023-07-24 05:36:02,494 [main] INFO Maven_practice1 - open browser
2023-07-24 05:36:02,858 [main] INFO Maven_practice1 - maximize the browser
2023-07-24 05:37:17,682 [main] INFO Maven_practice1 - Maven_practice1
2023-07-24 05:37:29,842 [main] INFO Maven_practice1 - open browser
2023-07-24 05:37:30,138 [main] INFO Maven_practice1 - maximize the browser
2023-07-24 05:41:17,710 [main] INFO Maven_practice1 - Maven_practice1
2023-07-24 05:41:28,782 [main] INFO Maven_practice1 - open browser
2023-07-24 05:41:29,107 [main] INFO Maven_practice1 - maximize the browser
2023-07-24 05:41:37,500 [main] INFO Maven_practice1 - open Apllication
2023-07-24 05:43:59,396 [main] INFO Maven_practice1 - Maven_practice1
2023-07-24 05:44:10,762 [main] INFO Maven_practice1 - open browser
2023-07-24 05:44:11,125 [main] INFO Maven_practice1 - maximize the browser
2023-07-24 05:44:21,192 [main] INFO Maven_practice1 - open Apllication
2023-07-24 05:44:26,858 [main] INFO Maven_practice1 - Enter the Username
2023-07-24 05:44:30,184 [main] INFO Maven_practice1 - Enter the Password
2023-07-24 05:44:34,913 [main] INFO Maven_practice1 - click on the button
2023-07-24 05:44:35,029 [main] INFO Maven_practice1 - test case passed
2023-07-24 05:45:42,691 [main] INFO Maven_practice1 - Maven_practice1
2023-07-24 05:46:05,911 [main] INFO Maven_practice1 - open browser
2023-07-24 05:46:05,977 [main] INFO Maven_practice1 - maximize the browser
2023-07-24 05:46:17,337 [main] INFO Maven_practice1 - open Apllication
2023-07-24 05:46:21,621 [main] INFO Maven_practice1 - Enter the Username
2023-07-24 05:46:24,948 [main] INFO Maven_practice1 - Enter the Password
2023-07-24 05:46:31,099 [main] INFO Maven_practice1 - click on the button
2023-07-24 05:46:31,123 [main] INFO Maven_practice1 - test case passed
2023-07-25 11:52:03,022 [main] INFO Maven_practice1 - Maven_practice1
2023-07-25 11:52:39,314 [main] INFO Maven_practice1 - open browser
2023-07-25 11:52:40,270 [main] INFO Maven_practice1 - maximize the browser
2023-07-25 11:52:47,403 [main] INFO Maven_practice1 - open Apllication
2023-07-25 11:52:59,087 [main] INFO Maven_practice1 - Enter the Username
2023-07-25 11:53:02,687 [main] INFO Maven_practice1 - Enter the Password
2023-07-25 11:53:09,399 [main] INFO Maven_practice1 - click on the button
2023-07-25 11:53:09,855 [main] INFO Maven_practice1 - test case passed
2023-07-25 12:00:07,965 [main] INFO Maven_practice1 - Maven_practice1
2023-07-25 12:00:51,780 [main] INFO Maven_practice1 - open browser
2023-07-25 12:00:52,198 [main] INFO Maven_practice1 - maximize the browser
2023-07-25 12:00:58,959 [main] INFO Maven_practice1 - open Apllication
2023-07-25 12:01:28,339 [main] INFO Maven_practice1 - Enter the Username
2023-07-25 12:01:31,731 [main] INFO Maven_practice1 - Enter the Password
2023-07-25 12:01:37,927 [main] INFO Maven_practice1 - click on the button
2023-07-25 12:11:17,158 [main] INFO Maven_practice1 - Maven_practice1
2023-07-25 12:12:22,618 [main] INFO Maven_practice1 - open browser
2023-07-25 12:17:17,696 [main] INFO Maven_practice1 - Maven_practice1
2023-07-25 12:17:36,028 [main] INFO Maven_practice1 - open browser
2023-07-25 12:17:36,554 [main] INFO Maven_practice1 - maximize the browser
2023-07-25 12:17:44,058 [main] INFO Maven_practice1 - open Apllication
2023-07-25 12:17:54,773 [main] INFO Maven_practice1 - Enter the Username
2023-07-25 12:17:58,169 [main] INFO Maven_practice1 - Enter the Password
2023-07-25 12:18:02,388 [main] INFO Maven_practice1 - click on the button
2023-07-25 12:25:59,358 [main] INFO Maven_practice1 - Maven_practice1
2023-07-25 12:26:10,506 [main] INFO Maven_practice1 - open browser
2023-07-25 12:26:10,935 [main] INFO Maven_practice1 - maximize the browser
2023-07-25 12:26:17,790 [main] INFO Maven_practice1 - open Apllication
2023-07-25 12:26:23,174 [main] INFO Maven_practice1 - Enter the Username
2023-07-25 12:26:26,545 [main] INFO Maven_practice1 - Enter the Password
2023-07-25 12:26:29,512 [main] INFO Maven_practice1 - click on the button
2023-07-25 14:20:49,615 [main] INFO Maven_practice1 - Maven_practice1
2023-07-25 14:21:10,769 [main] INFO Maven_practice1 - open browser
2023-07-25 14:21:11,323 [main] INFO Maven_practice1 - maximize the browser
2023-07-25 14:21:20,974 [main] INFO Maven_practice1 - open Apllication
2023-07-25 14:21:26,023 [main] INFO Maven_practice1 - Enter the Username
2023-07-25 14:21:29,370 [main] INFO Maven_practice1 - Enter the Password
2023-07-25 14:21:32,930 [main] INFO Maven_practice1 - click on the button
2023-07-25 15:16:07,240 [main] INFO Maven_practice1 - Maven_practice1
2023-07-25 15:16:16,257 [main] INFO Maven_practice1 - open browser
2023-07-25 15:16:16,631 [main] INFO Maven_practice1 - maximize the browser
2023-07-25 15:16:21,053 [main] INFO Maven_practice1 - open Apllication
2023-07-25 15:16:27,990 [main] INFO Maven_practice1 - Enter the Username
2023-07-25 15:16:31,512 [main] INFO Maven_practice1 - Enter the Password
2023-07-25 15:16:34,429 [main] INFO Maven_practice1 - click on the button
2023-07-25 17:43:03,856 [main] INFO Maven_practice1 - Maven_practice1
2023-07-25 17:43:24,606 [main] INFO Maven_practice1 - open browser
2023-07-25 17:43:25,129 [main] INFO Maven_practice1 - maximize the browser
2023-07-25 17:43:38,342 [main] INFO Maven_practice1 - open Apllication
2023-07-25 17:43:44,142 [main] INFO Maven_practice1 - Enter the Username
2023-07-25 17:43:48,717 [main] INFO Maven_practice1 - Enter the Password
2023-07-25 17:44:06,301 [main] INFO Maven_practice1 - click on the button
