2023-07-24 04:32:09,434 - Maven_practice1 -INFO - Maven_practice1
2023-07-24 04:32:19,653 - Maven_practice1 -INFO - open browser
2023-07-24 04:32:19,968 - Maven_practice1 -INFO - maximize the browser
2023-07-24 04:35:00,079 - Maven_practice1 -INFO - Maven_practice1
2023-07-24 04:35:12,385 - Maven_practice1 -INFO - open browser
2023-07-24 04:35:12,782 - Maven_practice1 -INFO - maximize the browser
2023-07-24 04:35:23,922 - Maven_practice1 -INFO - open Apllication
2023-07-24 04:35:28,663 - Maven_practice1 -INFO - Enter the Username
2023-07-24 04:35:32,087 - Maven_practice1 -INFO - Enter the Password
2023-07-24 04:35:34,971 - Maven_practice1 -INFO - click on the button
2023-07-24 04:35:35,279 - Maven_practice1 -INFO - test case passed
2023-07-24 05:31:32,042 - Maven_practice1 -INFO - Maven_practice1
2023-07-24 05:31:45,797 - Maven_practice1 -INFO - open browser
2023-07-24 05:31:46,286 - Maven_practice1 -INFO - maximize the browser
2023-07-24 05:35:52,095 - Maven_practice1 -INFO - Maven_practice1
2023-07-24 05:36:02,494 - Maven_practice1 -INFO - open browser
2023-07-24 05:36:02,858 - Maven_practice1 -INFO - maximize the browser
2023-07-24 05:37:17,682 - Maven_practice1 -INFO - Maven_practice1
2023-07-24 05:37:29,842 - Maven_practice1 -INFO - open browser
2023-07-24 05:37:30,138 - Maven_practice1 -INFO - maximize the browser
2023-07-24 05:41:17,710 - Maven_practice1 -INFO - Maven_practice1
2023-07-24 05:41:28,782 - Maven_practice1 -INFO - open browser
2023-07-24 05:41:29,107 - Maven_practice1 -INFO - maximize the browser
2023-07-24 05:41:37,500 - Maven_practice1 -INFO - open Apllication
2023-07-24 05:43:59,396 - Maven_practice1 -INFO - Maven_practice1
2023-07-24 05:44:10,762 - Maven_practice1 -INFO - open browser
2023-07-24 05:44:11,125 - Maven_practice1 -INFO - maximize the browser
2023-07-24 05:44:21,192 - Maven_practice1 -INFO - open Apllication
2023-07-24 05:44:26,858 - Maven_practice1 -INFO - Enter the Username
2023-07-24 05:44:30,184 - Maven_practice1 -INFO - Enter the Password
2023-07-24 05:44:34,913 - Maven_practice1 -INFO - click on the button
2023-07-24 05:44:35,029 - Maven_practice1 -INFO - test case passed
2023-07-24 05:45:42,691 - Maven_practice1 -INFO - Maven_practice1
2023-07-24 05:46:05,911 - Maven_practice1 -INFO - open browser
2023-07-24 05:46:05,977 - Maven_practice1 -INFO - maximize the browser
2023-07-24 05:46:17,337 - Maven_practice1 -INFO - open Apllication
2023-07-24 05:46:21,621 - Maven_practice1 -INFO - Enter the Username
2023-07-24 05:46:24,948 - Maven_practice1 -INFO - Enter the Password
2023-07-24 05:46:31,099 - Maven_practice1 -INFO - click on the button
2023-07-24 05:46:31,123 - Maven_practice1 -INFO - test case passed
2023-07-25 11:52:03,022 - Maven_practice1 -INFO - Maven_practice1
2023-07-25 11:52:39,314 - Maven_practice1 -INFO - open browser
2023-07-25 11:52:40,270 - Maven_practice1 -INFO - maximize the browser
2023-07-25 11:52:47,403 - Maven_practice1 -INFO - open Apllication
2023-07-25 11:52:59,087 - Maven_practice1 -INFO - Enter the Username
2023-07-25 11:53:02,687 - Maven_practice1 -INFO - Enter the Password
2023-07-25 11:53:09,399 - Maven_practice1 -INFO - click on the button
2023-07-25 11:53:09,855 - Maven_practice1 -INFO - test case passed
2023-07-25 12:00:07,965 - Maven_practice1 -INFO - Maven_practice1
2023-07-25 12:00:51,780 - Maven_practice1 -INFO - open browser
2023-07-25 12:00:52,198 - Maven_practice1 -INFO - maximize the browser
2023-07-25 12:00:58,959 - Maven_practice1 -INFO - open Apllication
2023-07-25 12:01:28,339 - Maven_practice1 -INFO - Enter the Username
2023-07-25 12:01:31,731 - Maven_practice1 -INFO - Enter the Password
2023-07-25 12:01:37,927 - Maven_practice1 -INFO - click on the button
2023-07-25 12:11:17,158 - Maven_practice1 -INFO - Maven_practice1
2023-07-25 12:12:22,618 - Maven_practice1 -INFO - open browser
2023-07-25 12:17:17,696 - Maven_practice1 -INFO - Maven_practice1
2023-07-25 12:17:36,028 - Maven_practice1 -INFO - open browser
2023-07-25 12:17:36,554 - Maven_practice1 -INFO - maximize the browser
2023-07-25 12:17:44,058 - Maven_practice1 -INFO - open Apllication
2023-07-25 12:17:54,773 - Maven_practice1 -INFO - Enter the Username
2023-07-25 12:17:58,169 - Maven_practice1 -INFO - Enter the Password
2023-07-25 12:18:02,388 - Maven_practice1 -INFO - click on the button
2023-07-25 12:25:59,358 - Maven_practice1 -INFO - Maven_practice1
2023-07-25 12:26:10,506 - Maven_practice1 -INFO - open browser
2023-07-25 12:26:10,935 - Maven_practice1 -INFO - maximize the browser
2023-07-25 12:26:17,790 - Maven_practice1 -INFO - open Apllication
2023-07-25 12:26:23,174 - Maven_practice1 -INFO - Enter the Username
2023-07-25 12:26:26,545 - Maven_practice1 -INFO - Enter the Password
2023-07-25 12:26:29,512 - Maven_practice1 -INFO - click on the button
2023-07-25 14:20:49,615 - Maven_practice1 -INFO - Maven_practice1
2023-07-25 14:21:10,769 - Maven_practice1 -INFO - open browser
2023-07-25 14:21:11,323 - Maven_practice1 -INFO - maximize the browser
2023-07-25 14:21:20,974 - Maven_practice1 -INFO - open Apllication
2023-07-25 14:21:26,023 - Maven_practice1 -INFO - Enter the Username
2023-07-25 14:21:29,370 - Maven_practice1 -INFO - Enter the Password
2023-07-25 14:21:32,930 - Maven_practice1 -INFO - click on the button
2023-07-25 15:16:07,240 - Maven_practice1 -INFO - Maven_practice1
2023-07-25 15:16:16,257 - Maven_practice1 -INFO - open browser
2023-07-25 15:16:16,631 - Maven_practice1 -INFO - maximize the browser
2023-07-25 15:16:21,053 - Maven_practice1 -INFO - open Apllication
2023-07-25 15:16:27,990 - Maven_practice1 -INFO - Enter the Username
2023-07-25 15:16:31,512 - Maven_practice1 -INFO - Enter the Password
2023-07-25 15:16:34,429 - Maven_practice1 -INFO - click on the button
2023-07-25 17:43:03,856 - Maven_practice1 -INFO - Maven_practice1
2023-07-25 17:43:24,606 - Maven_practice1 -INFO - open browser
2023-07-25 17:43:25,129 - Maven_practice1 -INFO - maximize the browser
2023-07-25 17:43:38,342 - Maven_practice1 -INFO - open Apllication
2023-07-25 17:43:44,142 - Maven_practice1 -INFO - Enter the Username
2023-07-25 17:43:48,717 - Maven_practice1 -INFO - Enter the Password
2023-07-25 17:44:06,301 - Maven_practice1 -INFO - click on the button
